# JMH version: 1.32
# VM version: JDK 1.8.0_271, Java HotSpot(TM) 64-Bit Server VM, 25.271-b09
# VM invoker: C:\Program Files\Java\jdk1.8.0_271\jre\bin\java.exe
# VM options: -javaagent:D:\Program Files\JetBrains\IntelliJ IDEA 2020.2.3\lib\idea_rt.jar=62409:D:\Program Files\JetBrains\IntelliJ IDEA 2020.2.3\bin -Dfile.encoding=UTF-8
# Blackhole mode: full + dont-inline hint
# Warmup: 2 iterations, 1 s each
# Measurement: 5 iterations, 1 s each
# Timeout: 10 min per iteration
# Threads: 1 thread, will synchronize iterations
# Benchmark mode: Average time, time/op
# Benchmark: com.atguigu.iteratorHashmap.HashMapCycleTest.entrySet

# Run progress: 0.00% complete, ETA 00:00:42
# Fork: 1 of 1
# Warmup Iteration   1: 10.761 ms/op
# Warmup Iteration   2: 12.131 ms/op
Iteration   1: 9.835 ms/op
Iteration   2: 9.734 ms/op
Iteration   3: 9.751 ms/op
Iteration   4: 9.758 ms/op
Iteration   5: 9.693 ms/op


Result "com.atguigu.iteratorHashmap.HashMapCycleTest.entrySet":
  9.754 ±(99.9%) 0.200 ms/op [Average]
  (min, avg, max) = (9.693, 9.754, 9.835), stdev = 0.052
  CI (99.9%): [9.554, 9.954] (assumes normal distribution)


# JMH version: 1.32
# VM version: JDK 1.8.0_271, Java HotSpot(TM) 64-Bit Server VM, 25.271-b09
# VM invoker: C:\Program Files\Java\jdk1.8.0_271\jre\bin\java.exe
# VM options: -javaagent:D:\Program Files\JetBrains\IntelliJ IDEA 2020.2.3\lib\idea_rt.jar=62409:D:\Program Files\JetBrains\IntelliJ IDEA 2020.2.3\bin -Dfile.encoding=UTF-8
# Blackhole mode: full + dont-inline hint
# Warmup: 2 iterations, 1 s each
# Measurement: 5 iterations, 1 s each
# Timeout: 10 min per iteration
# Threads: 1 thread, will synchronize iterations
# Benchmark mode: Average time, time/op
# Benchmark: com.atguigu.iteratorHashmap.HashMapCycleTest.forEachEntrySet

# Run progress: 16.67% complete, ETA 00:00:39
# Fork: 1 of 1
# Warmup Iteration   1: 9.872 ms/op
# Warmup Iteration   2: 9.742 ms/op
Iteration   1: 9.783 ms/op
Iteration   2: 9.813 ms/op
Iteration   3: 9.681 ms/op
Iteration   4: 9.747 ms/op
Iteration   5: 9.657 ms/op


Result "com.atguigu.iteratorHashmap.HashMapCycleTest.forEachEntrySet":
  9.736 ±(99.9%) 0.255 ms/op [Average]
  (min, avg, max) = (9.657, 9.736, 9.813), stdev = 0.066
  CI (99.9%): [9.481, 9.992] (assumes normal distribution)


# JMH version: 1.32
# VM version: JDK 1.8.0_271, Java HotSpot(TM) 64-Bit Server VM, 25.271-b09
# VM invoker: C:\Program Files\Java\jdk1.8.0_271\jre\bin\java.exe
# VM options: -javaagent:D:\Program Files\JetBrains\IntelliJ IDEA 2020.2.3\lib\idea_rt.jar=62409:D:\Program Files\JetBrains\IntelliJ IDEA 2020.2.3\bin -Dfile.encoding=UTF-8
# Blackhole mode: full + dont-inline hint
# Warmup: 2 iterations, 1 s each
# Measurement: 5 iterations, 1 s each
# Timeout: 10 min per iteration
# Threads: 1 thread, will synchronize iterations
# Benchmark mode: Average time, time/op
# Benchmark: com.atguigu.iteratorHashmap.HashMapCycleTest.forEachKeySet

# Run progress: 33.33% complete, ETA 00:00:31
# Fork: 1 of 1
# Warmup Iteration   1: 12.489 ms/op
# Warmup Iteration   2: 12.377 ms/op
Iteration   1: 12.324 ms/op
Iteration   2: 12.277 ms/op
Iteration   3: 12.411 ms/op
Iteration   4: 12.354 ms/op
Iteration   5: 12.309 ms/op


Result "com.atguigu.iteratorHashmap.HashMapCycleTest.forEachKeySet":
  12.335 ±(99.9%) 0.195 ms/op [Average]
  (min, avg, max) = (12.277, 12.335, 12.411), stdev = 0.051
  CI (99.9%): [12.140, 12.530] (assumes normal distribution)


# JMH version: 1.32
# VM version: JDK 1.8.0_271, Java HotSpot(TM) 64-Bit Server VM, 25.271-b09
# VM invoker: C:\Program Files\Java\jdk1.8.0_271\jre\bin\java.exe
# VM options: -javaagent:D:\Program Files\JetBrains\IntelliJ IDEA 2020.2.3\lib\idea_rt.jar=62409:D:\Program Files\JetBrains\IntelliJ IDEA 2020.2.3\bin -Dfile.encoding=UTF-8
# Blackhole mode: full + dont-inline hint
# Warmup: 2 iterations, 1 s each
# Measurement: 5 iterations, 1 s each
# Timeout: 10 min per iteration
# Threads: 1 thread, will synchronize iterations
# Benchmark mode: Average time, time/op
# Benchmark: com.atguigu.iteratorHashmap.HashMapCycleTest.keySet

# Run progress: 50.00% complete, ETA 00:00:23
# Fork: 1 of 1
# Warmup Iteration   1: 12.456 ms/op
# Warmup Iteration   2: 12.275 ms/op
Iteration   1: 12.190 ms/op
Iteration   2: 12.213 ms/op
Iteration   3: 12.234 ms/op
Iteration   4: 12.246 ms/op
Iteration   5: 12.195 ms/op


Result "com.atguigu.iteratorHashmap.HashMapCycleTest.keySet":
  12.216 ±(99.9%) 0.095 ms/op [Average]
  (min, avg, max) = (12.190, 12.216, 12.246), stdev = 0.025
  CI (99.9%): [12.121, 12.310] (assumes normal distribution)


# JMH version: 1.32
# VM version: JDK 1.8.0_271, Java HotSpot(TM) 64-Bit Server VM, 25.271-b09
# VM invoker: C:\Program Files\Java\jdk1.8.0_271\jre\bin\java.exe
# VM options: -javaagent:D:\Program Files\JetBrains\IntelliJ IDEA 2020.2.3\lib\idea_rt.jar=62409:D:\Program Files\JetBrains\IntelliJ IDEA 2020.2.3\bin -Dfile.encoding=UTF-8
# Blackhole mode: full + dont-inline hint
# Warmup: 2 iterations, 1 s each
# Measurement: 5 iterations, 1 s each
# Timeout: 10 min per iteration
# Threads: 1 thread, will synchronize iterations
# Benchmark mode: Average time, time/op
# Benchmark: com.atguigu.iteratorHashmap.HashMapCycleTest.lambda

# Run progress: 66.67% complete, ETA 00:00:15
# Fork: 1 of 1
# Warmup Iteration   1: 8.014 ms/op
# Warmup Iteration   2: 7.980 ms/op
Iteration   1: 7.970 ms/op
Iteration   2: 8.018 ms/op
Iteration   3: 7.878 ms/op
Iteration   4: 7.983 ms/op
Iteration   5: 7.886 ms/op


Result "com.atguigu.iteratorHashmap.HashMapCycleTest.lambda":
  7.947 ±(99.9%) 0.238 ms/op [Average]
  (min, avg, max) = (7.878, 7.947, 8.018), stdev = 0.062
  CI (99.9%): [7.709, 8.185] (assumes normal distribution)


# JMH version: 1.32
# VM version: JDK 1.8.0_271, Java HotSpot(TM) 64-Bit Server VM, 25.271-b09
# VM invoker: C:\Program Files\Java\jdk1.8.0_271\jre\bin\java.exe
# VM options: -javaagent:D:\Program Files\JetBrains\IntelliJ IDEA 2020.2.3\lib\idea_rt.jar=62409:D:\Program Files\JetBrains\IntelliJ IDEA 2020.2.3\bin -Dfile.encoding=UTF-8
# Blackhole mode: full + dont-inline hint
# Warmup: 2 iterations, 1 s each
# Measurement: 5 iterations, 1 s each
# Timeout: 10 min per iteration
# Threads: 1 thread, will synchronize iterations
# Benchmark mode: Average time, time/op
# Benchmark: com.atguigu.iteratorHashmap.HashMapCycleTest.streamApi

# Run progress: 83.33% complete, ETA 00:00:07
# Fork: 1 of 1
# Warmup Iteration   1: 9.183 ms/op
# Warmup Iteration   2: 9.188 ms/op
Iteration   1: 9.164 ms/op
Iteration   2: 9.248 ms/op
Iteration   3: 9.215 ms/op
Iteration   4: 9.217 ms/op
Iteration   5: 9.349 ms/op


Result "com.atguigu.iteratorHashmap.HashMapCycleTest.streamApi":
  9.239 ±(99.9%) 0.264 ms/op [Average]
  (min, avg, max) = (9.164, 9.239, 9.349), stdev = 0.069
  CI (99.9%): [8.975, 9.503] (assumes normal distribution)


# Run complete. Total time: 00:00:46

REMEMBER: The numbers below are just data. To gain reusable insights, you need to follow up on
why the numbers are the way they are. Use profilers (see -prof, -lprof), design factorial
experiments, perform baseline and negative tests that provide experimental control, make sure
the benchmarking environment is safe on JVM/OS/HW level, ask for reviews from the domain experts.
Do not assume the numbers tell you what you want them to tell.

Benchmark                                         Mode  Cnt   Score   Error  Units
iteratorHashmap.HashMapCycleTest.entrySet         avgt    5   9.754 ± 0.200  ms/op
iteratorHashmap.HashMapCycleTest.forEachEntrySet  avgt    5   9.736 ± 0.255  ms/op
iteratorHashmap.HashMapCycleTest.forEachKeySet    avgt    5  12.335 ± 0.195  ms/op
iteratorHashmap.HashMapCycleTest.keySet           avgt    5  12.216 ± 0.095  ms/op
iteratorHashmap.HashMapCycleTest.lambda           avgt    5   7.947 ± 0.238  ms/op
iteratorHashmap.HashMapCycleTest.streamApi        avgt    5   9.239 ± 0.264  ms/op
